[2019-01-16 21:18:39.481] [exthost] [info] extension host started
[2019-01-16 21:18:39.504] [exthost] [info] ExtensionService#_doActivateExtension vscode.debug-auto-launch {"startup":true,"activationEvent":"*"}
[2019-01-16 21:18:39.504] [exthost] [info] ExtensionService#loadCommonJSModule /usr/share/code/resources/app/extensions/debug-auto-launch/dist/extension
[2019-01-16 21:18:39.589] [exthost] [info] ExtensionService#_doActivateExtension vscode.emmet {"startup":true,"activationEvent":"*"}
[2019-01-16 21:18:39.589] [exthost] [info] ExtensionService#loadCommonJSModule /usr/share/code/resources/app/extensions/emmet/dist/extension
[2019-01-16 21:18:39.666] [exthost] [info] ExtensionService#_doActivateExtension vscode.git {"startup":true,"activationEvent":"*"}
[2019-01-16 21:18:39.666] [exthost] [info] ExtensionService#loadCommonJSModule /usr/share/code/resources/app/extensions/git/dist/main
[2019-01-16 21:18:39.846] [exthost] [info] ExtensionService#_doActivateExtension vscode.merge-conflict {"startup":true,"activationEvent":"*"}
[2019-01-16 21:18:39.846] [exthost] [info] ExtensionService#loadCommonJSModule /usr/share/code/resources/app/extensions/merge-conflict/dist/extension
[2019-01-16 21:18:39.880] [exthost] [info] ExtensionService#_doActivateExtension christian-kohler.path-intellisense {"startup":true,"activationEvent":"*"}
[2019-01-16 21:18:39.880] [exthost] [info] ExtensionService#loadCommonJSModule /home/juanfer/.vscode/extensions/christian-kohler.path-intellisense-1.4.2/out/src/extension
[2019-01-16 21:18:39.938] [exthost] [info] ExtensionService#_doActivateExtension dbaeumer.vscode-eslint {"startup":true,"activationEvent":"*"}
[2019-01-16 21:18:39.938] [exthost] [info] ExtensionService#loadCommonJSModule /home/juanfer/.vscode/extensions/dbaeumer.vscode-eslint-1.8.0/client/out/extension
[2019-01-16 21:18:40.119] [exthost] [info] eager extensions activated
[2019-01-16 21:20:11.240] [exthost] [info] extension host started
[2019-01-16 21:20:11.259] [exthost] [info] ExtensionService#_doActivateExtension vscode.debug-auto-launch {"startup":true,"activationEvent":"*"}
[2019-01-16 21:20:11.259] [exthost] [info] ExtensionService#loadCommonJSModule /usr/share/code/resources/app/extensions/debug-auto-launch/dist/extension
[2019-01-16 21:20:11.264] [exthost] [info] ExtensionService#_doActivateExtension vscode.emmet {"startup":true,"activationEvent":"*"}
[2019-01-16 21:20:11.264] [exthost] [info] ExtensionService#loadCommonJSModule /usr/share/code/resources/app/extensions/emmet/dist/extension
[2019-01-16 21:20:11.289] [exthost] [info] ExtensionService#_doActivateExtension vscode.git {"startup":true,"activationEvent":"*"}
[2019-01-16 21:20:11.289] [exthost] [info] ExtensionService#loadCommonJSModule /usr/share/code/resources/app/extensions/git/dist/main
[2019-01-16 21:20:11.416] [exthost] [info] ExtensionService#_doActivateExtension vscode.merge-conflict {"startup":true,"activationEvent":"*"}
[2019-01-16 21:20:11.416] [exthost] [info] ExtensionService#loadCommonJSModule /usr/share/code/resources/app/extensions/merge-conflict/dist/extension
[2019-01-16 21:20:11.423] [exthost] [info] ExtensionService#_doActivateExtension christian-kohler.path-intellisense {"startup":true,"activationEvent":"*"}
[2019-01-16 21:20:11.423] [exthost] [info] ExtensionService#loadCommonJSModule /home/juanfer/.vscode/extensions/christian-kohler.path-intellisense-1.4.2/out/src/extension
[2019-01-16 21:20:11.437] [exthost] [info] ExtensionService#_doActivateExtension dbaeumer.vscode-eslint {"startup":true,"activationEvent":"*"}
[2019-01-16 21:20:11.437] [exthost] [info] ExtensionService#loadCommonJSModule /home/juanfer/.vscode/extensions/dbaeumer.vscode-eslint-1.8.0/client/out/extension
[2019-01-16 21:20:11.515] [exthost] [info] eager extensions activated
[2019-01-16 21:20:59.265] [exthost] [info] ExtensionService#_doActivateExtension vscode.typescript-language-features {"startup":false,"activationEvent":"onLanguage:javascript"}
[2019-01-16 21:20:59.265] [exthost] [info] ExtensionService#loadCommonJSModule /usr/share/code/resources/app/extensions/typescript-language-features/dist/extension
[2019-01-16 21:20:59.412] [exthost] [info] ExtensionService#_doActivateExtension christian-kohler.npm-intellisense {"startup":false,"activationEvent":"onLanguage:javascript"}
[2019-01-16 21:20:59.412] [exthost] [info] ExtensionService#loadCommonJSModule /home/juanfer/.vscode/extensions/christian-kohler.npm-intellisense-1.3.0/out/src/extension
[2019-01-16 21:21:23.033] [exthost] [error] [vscode.typescript-language-features] provider FAILED
[2019-01-16 21:21:23.033] [exthost] [error] {"label":"Acquiring typings...","detail":"Acquiring typings definitions for IntelliSense."}
[2019-01-16 21:21:37.855] [exthost] [info] ExtensionService#_doActivateExtension vscode.configuration-editing {"startup":false,"activationEvent":"onLanguage:jsonc"}
[2019-01-16 21:21:37.856] [exthost] [info] ExtensionService#loadCommonJSModule /usr/share/code/resources/app/extensions/configuration-editing/dist/extension
[2019-01-16 21:21:37.911] [exthost] [info] ExtensionService#_doActivateExtension vscode.json-language-features {"startup":false,"activationEvent":"onLanguage:jsonc"}
[2019-01-16 21:21:37.911] [exthost] [info] ExtensionService#loadCommonJSModule /usr/share/code/resources/app/extensions/json-language-features/client/dist/jsonMain
[2019-01-16 21:28:10.073] [exthost] [info] ExtensionService#_doActivateExtension vscode.extension-editing {"startup":false,"activationEvent":"onLanguage:typescript"}
[2019-01-16 21:28:10.073] [exthost] [info] ExtensionService#loadCommonJSModule /usr/share/code/resources/app/extensions/extension-editing/dist/extension
[2019-01-16 21:48:46.998] [exthost] [error] [vscode.typescript-language-features] provider FAILED
[2019-01-16 21:48:46.998] [exthost] [error] TypeError: Cannot read property 'displayParts' of undefined
	at w.resolveCompletionItem (/usr/share/code/resources/app/extensions/typescript-language-features/dist/extension.js:1:99172)
	at <anonymous>
[2019-01-16 21:48:51.253] [exthost] [error] [vscode.typescript-language-features] provider FAILED
[2019-01-16 21:48:51.253] [exthost] [error] TypeError: Cannot read property 'displayParts' of undefined
	at w.resolveCompletionItem (/usr/share/code/resources/app/extensions/typescript-language-features/dist/extension.js:1:99172)
	at <anonymous>
[2019-01-16 21:48:53.716] [exthost] [error] [vscode.typescript-language-features] provider FAILED
[2019-01-16 21:48:53.716] [exthost] [error] {"seq":0,"type":"response","command":"quickinfo","request_seq":1698,"success":false,"message":"Error processing request. Debug Failure. False expression: `JsxText` tokens should not be the first child of `JsxElement | JsxSelfClosingElement`\nError: Debug Failure. False expression: `JsxText` tokens should not be the first child of `JsxElement | JsxSelfClosingElement`\n    at findRightmostChildNodeWithTokens (/usr/share/code/resources/app/extensions/node_modules/typescript/lib/tsserver.js:93236:26)\n    at find (/usr/share/code/resources/app/extensions/node_modules/typescript/lib/tsserver.js:93213:29)\n    at findPrecedingToken (/usr/share/code/resources/app/extensions/node_modules/typescript/lib/tsserver.js:93177:22)\n    at getTokenAtPositionWorker (/usr/share/code/resources/app/extensions/node_modules/typescript/lib/tsserver.js:93127:41)\n    at getTouchingToken (/usr/share/code/resources/app/extensions/node_modules/typescript/lib/tsserver.js:93101:16)\n    at Object.getTouchingPropertyName (/usr/share/code/resources/app/extensions/node_modules/typescript/lib/tsserver.js:93093:16)\n    at Object.getQuickInfoAtPosition (/usr/share/code/resources/app/extensions/node_modules/typescript/lib/tsserver.js:117447:27)\n    at IOSession.Session.getQuickInfoWorker (/usr/share/code/resources/app/extensions/node_modules/typescript/lib/tsserver.js:125237:62)\n    at Session.handlers.ts.createMapFromTemplate._a.(anonymous function) (/usr/share/code/resources/app/extensions/node_modules/typescript/lib/tsserver.js:124289:61)\n    at /usr/share/code/resources/app/extensions/node_modules/typescript/lib/tsserver.js:125824:88\n    at IOSession.Session.executeWithRequestId (/usr/share/code/resources/app/extensions/node_modules/typescript/lib/tsserver.js:125815:28)\n    at IOSession.Session.executeCommand (/usr/share/code/resources/app/extensions/node_modules/typescript/lib/tsserver.js:125824:33)\n    at IOSession.Session.onMessage (/usr/share/code/resources/app/extensions/node_modules/typescript/lib/tsserver.js:125846:35)\n    at Interface.<anonymous> (/usr/share/code/resources/app/extensions/node_modules/typescript/lib/tsserver.js:127106:27)\n    at emitOne (events.js:116:13)\n    at Interface.emit (events.js:211:7)\n    at Interface._onLine (readline.js:282:10)\n    at Interface._normalWrite (readline.js:424:12)\n    at Socket.ondata (readline.js:141:10)\n    at emitOne (events.js:116:13)\n    at Socket.emit (events.js:211:7)\n    at addChunk (_stream_readable.js:263:12)\n    at readableAddChunk (_stream_readable.js:250:11)\n    at Socket.Readable.push (_stream_readable.js:208:10)\n    at Pipe.onread (net.js:594:20)"}
[2019-01-16 21:48:54.094] [exthost] [error] [vscode.typescript-language-features] provider FAILED
[2019-01-16 21:48:54.095] [exthost] [error] {"seq":0,"type":"response","command":"quickinfo","request_seq":1699,"success":false,"message":"Error processing request. Debug Failure. False expression: `JsxText` tokens should not be the first child of `JsxElement | JsxSelfClosingElement`\nError: Debug Failure. False expression: `JsxText` tokens should not be the first child of `JsxElement | JsxSelfClosingElement`\n    at findRightmostChildNodeWithTokens (/usr/share/code/resources/app/extensions/node_modules/typescript/lib/tsserver.js:93236:26)\n    at find (/usr/share/code/resources/app/extensions/node_modules/typescript/lib/tsserver.js:93213:29)\n    at findPrecedingToken (/usr/share/code/resources/app/extensions/node_modules/typescript/lib/tsserver.js:93177:22)\n    at getTokenAtPositionWorker (/usr/share/code/resources/app/extensions/node_modules/typescript/lib/tsserver.js:93127:41)\n    at getTouchingToken (/usr/share/code/resources/app/extensions/node_modules/typescript/lib/tsserver.js:93101:16)\n    at Object.getTouchingPropertyName (/usr/share/code/resources/app/extensions/node_modules/typescript/lib/tsserver.js:93093:16)\n    at Object.getQuickInfoAtPosition (/usr/share/code/resources/app/extensions/node_modules/typescript/lib/tsserver.js:117447:27)\n    at IOSession.Session.getQuickInfoWorker (/usr/share/code/resources/app/extensions/node_modules/typescript/lib/tsserver.js:125237:62)\n    at Session.handlers.ts.createMapFromTemplate._a.(anonymous function) (/usr/share/code/resources/app/extensions/node_modules/typescript/lib/tsserver.js:124289:61)\n    at /usr/share/code/resources/app/extensions/node_modules/typescript/lib/tsserver.js:125824:88\n    at IOSession.Session.executeWithRequestId (/usr/share/code/resources/app/extensions/node_modules/typescript/lib/tsserver.js:125815:28)\n    at IOSession.Session.executeCommand (/usr/share/code/resources/app/extensions/node_modules/typescript/lib/tsserver.js:125824:33)\n    at IOSession.Session.onMessage (/usr/share/code/resources/app/extensions/node_modules/typescript/lib/tsserver.js:125846:35)\n    at Interface.<anonymous> (/usr/share/code/resources/app/extensions/node_modules/typescript/lib/tsserver.js:127106:27)\n    at emitOne (events.js:116:13)\n    at Interface.emit (events.js:211:7)\n    at Interface._onLine (readline.js:282:10)\n    at Interface._normalWrite (readline.js:424:12)\n    at Socket.ondata (readline.js:141:10)\n    at emitOne (events.js:116:13)\n    at Socket.emit (events.js:211:7)\n    at addChunk (_stream_readable.js:263:12)\n    at readableAddChunk (_stream_readable.js:250:11)\n    at Socket.Readable.push (_stream_readable.js:208:10)\n    at Pipe.onread (net.js:594:20)"}
[2019-01-16 21:49:10.430] [exthost] [error] [vscode.typescript-language-features] provider FAILED
[2019-01-16 21:49:10.430] [exthost] [error] {"seq":0,"type":"response","command":"quickinfo","request_seq":1750,"success":false,"message":"Error processing request. Debug Failure. False expression: `JsxText` tokens should not be the first child of `JsxElement | JsxSelfClosingElement`\nError: Debug Failure. False expression: `JsxText` tokens should not be the first child of `JsxElement | JsxSelfClosingElement`\n    at findRightmostChildNodeWithTokens (/usr/share/code/resources/app/extensions/node_modules/typescript/lib/tsserver.js:93236:26)\n    at find (/usr/share/code/resources/app/extensions/node_modules/typescript/lib/tsserver.js:93213:29)\n    at findPrecedingToken (/usr/share/code/resources/app/extensions/node_modules/typescript/lib/tsserver.js:93177:22)\n    at getTokenAtPositionWorker (/usr/share/code/resources/app/extensions/node_modules/typescript/lib/tsserver.js:93127:41)\n    at getTouchingToken (/usr/share/code/resources/app/extensions/node_modules/typescript/lib/tsserver.js:93101:16)\n    at Object.getTouchingPropertyName (/usr/share/code/resources/app/extensions/node_modules/typescript/lib/tsserver.js:93093:16)\n    at Object.getQuickInfoAtPosition (/usr/share/code/resources/app/extensions/node_modules/typescript/lib/tsserver.js:117447:27)\n    at IOSession.Session.getQuickInfoWorker (/usr/share/code/resources/app/extensions/node_modules/typescript/lib/tsserver.js:125237:62)\n    at Session.handlers.ts.createMapFromTemplate._a.(anonymous function) (/usr/share/code/resources/app/extensions/node_modules/typescript/lib/tsserver.js:124289:61)\n    at /usr/share/code/resources/app/extensions/node_modules/typescript/lib/tsserver.js:125824:88\n    at IOSession.Session.executeWithRequestId (/usr/share/code/resources/app/extensions/node_modules/typescript/lib/tsserver.js:125815:28)\n    at IOSession.Session.executeCommand (/usr/share/code/resources/app/extensions/node_modules/typescript/lib/tsserver.js:125824:33)\n    at IOSession.Session.onMessage (/usr/share/code/resources/app/extensions/node_modules/typescript/lib/tsserver.js:125846:35)\n    at Interface.<anonymous> (/usr/share/code/resources/app/extensions/node_modules/typescript/lib/tsserver.js:127106:27)\n    at emitOne (events.js:116:13)\n    at Interface.emit (events.js:211:7)\n    at Interface._onLine (readline.js:282:10)\n    at Interface._normalWrite (readline.js:424:12)\n    at Socket.ondata (readline.js:141:10)\n    at emitOne (events.js:116:13)\n    at Socket.emit (events.js:211:7)\n    at addChunk (_stream_readable.js:263:12)\n    at readableAddChunk (_stream_readable.js:250:11)\n    at Socket.Readable.push (_stream_readable.js:208:10)\n    at Pipe.onread (net.js:594:20)"}
[2019-01-16 21:52:00.464] [exthost] [error] [vscode.typescript-language-features] provider FAILED
[2019-01-16 21:52:00.464] [exthost] [error] {"seq":0,"type":"response","command":"completionInfo","request_seq":2015,"success":false,"message":"Error processing request. Debug Failure. Did not expect JsxExpression to have an Identifier in its trivia\nError: Debug Failure. Did not expect JsxExpression to have an Identifier in its trivia\n    at addSyntheticNodes (/usr/share/code/resources/app/extensions/node_modules/typescript/lib/tsserver.js:116455:30)\n    at createChildren (/usr/share/code/resources/app/extensions/node_modules/typescript/lib/tsserver.js:116444:9)\n    at NodeObject.getChildren (/usr/share/code/resources/app/extensions/node_modules/typescript/lib/tsserver.js:116388:56)\n    at find (/usr/share/code/resources/app/extensions/node_modules/typescript/lib/tsserver.js:93184:30)\n    at find (/usr/share/code/resources/app/extensions/node_modules/typescript/lib/tsserver.js:93204:32)\n    at find (/usr/share/code/resources/app/extensions/node_modules/typescript/lib/tsserver.js:93204:32)\n    at find (/usr/share/code/resources/app/extensions/node_modules/typescript/lib/tsserver.js:93204:32)\n    at find (/usr/share/code/resources/app/extensions/node_modules/typescript/lib/tsserver.js:93204:32)\n    at find (/usr/share/code/resources/app/extensions/node_modules/typescript/lib/tsserver.js:93204:32)\n    at find (/usr/share/code/resources/app/extensions/node_modules/typescript/lib/tsserver.js:93204:32)\n    at find (/usr/share/code/resources/app/extensions/node_modules/typescript/lib/tsserver.js:93204:32)\n    at find (/usr/share/code/resources/app/extensions/node_modules/typescript/lib/tsserver.js:93204:32)\n    at find (/usr/share/code/resources/app/extensions/node_modules/typescript/lib/tsserver.js:93204:32)\n    at find (/usr/share/code/resources/app/extensions/node_modules/typescript/lib/tsserver.js:93204:32)\n    at find (/usr/share/code/resources/app/extensions/node_modules/typescript/lib/tsserver.js:93204:32)\n    at Object.findPrecedingToken (/usr/share/code/resources/app/extensions/node_modules/typescript/lib/tsserver.js:93177:22)\n    at Object.getCompletionsAtPosition (/usr/share/code/resources/app/extensions/node_modules/typescript/lib/tsserver.js:95887:35)\n    at Object.getCompletionsAtPosition (/usr/share/code/resources/app/extensions/node_modules/typescript/lib/tsserver.js:117432:35)\n    at IOSession.Session.getCompletions (/usr/share/code/resources/app/extensions/node_modules/typescript/lib/tsserver.js:125333:64)\n    at Session.handlers.ts.createMapFromTemplate._a.(anonymous function) (/usr/share/code/resources/app/extensions/node_modules/typescript/lib/tsserver.js:124337:61)\n    at /usr/share/code/resources/app/extensions/node_modules/typescript/lib/tsserver.js:125824:88\n    at IOSession.Session.executeWithRequestId (/usr/share/code/resources/app/extensions/node_modules/typescript/lib/tsserver.js:125815:28)\n    at IOSession.Session.executeCommand (/usr/share/code/resources/app/extensions/node_modules/typescript/lib/tsserver.js:125824:33)\n    at IOSession.Session.onMessage (/usr/share/code/resources/app/extensions/node_modules/typescript/lib/tsserver.js:125846:35)\n    at Interface.<anonymous> (/usr/share/code/resources/app/extensions/node_modules/typescript/lib/tsserver.js:127106:27)\n    at emitOne (events.js:116:13)\n    at Interface.emit (events.js:211:7)\n    at Interface._onLine (readline.js:282:10)\n    at Interface._normalWrite (readline.js:424:12)\n    at Socket.ondata (readline.js:141:10)\n    at emitOne (events.js:116:13)\n    at Socket.emit (events.js:211:7)\n    at addChunk (_stream_readable.js:263:12)\n    at readableAddChunk (_stream_readable.js:250:11)\n    at Socket.Readable.push (_stream_readable.js:208:10)\n    at Pipe.onread (net.js:594:20)"}
[2019-01-16 21:52:20.494] [exthost] [error] [vscode.typescript-language-features] provider FAILED
[2019-01-16 21:52:20.494] [exthost] [error] {"seq":0,"type":"response","command":"getApplicableRefactors","request_seq":2049,"success":false,"message":"Error processing request. Debug Failure. Did not expect JsxExpression to have an Identifier in its trivia\nError: Debug Failure. Did not expect JsxExpression to have an Identifier in its trivia\n    at addSyntheticNodes (/usr/share/code/resources/app/extensions/node_modules/typescript/lib/tsserver.js:116455:30)\n    at createChildren (/usr/share/code/resources/app/extensions/node_modules/typescript/lib/tsserver.js:116444:9)\n    at NodeObject.getChildren (/usr/share/code/resources/app/extensions/node_modules/typescript/lib/tsserver.js:116388:56)\n    at getTokenAtPositionWorker (/usr/share/code/resources/app/extensions/node_modules/typescript/lib/tsserver.js:93114:43)\n    at Object.getTokenAtPosition (/usr/share/code/resources/app/extensions/node_modules/typescript/lib/tsserver.js:93106:16)\n    at getInfo (/usr/share/code/resources/app/extensions/node_modules/typescript/lib/tsserver.js:113564:28)\n    at Object.getAvailableActions (/usr/share/code/resources/app/extensions/node_modules/typescript/lib/tsserver.js:113548:28)\n    at /usr/share/code/resources/app/extensions/node_modules/typescript/lib/tsserver.js:108687:128\n    at getIterator (/usr/share/code/resources/app/extensions/node_modules/typescript/lib/tsserver.js:558:23)\n    at Object.flatMapIterator (/usr/share/code/resources/app/extensions/node_modules/typescript/lib/tsserver.js:541:27)\n    at Object.getApplicableRefactors (/usr/share/code/resources/app/extensions/node_modules/typescript/lib/tsserver.js:108686:36)\n    at Object.getApplicableRefactors (/usr/share/code/resources/app/extensions/node_modules/typescript/lib/tsserver.js:117985:32)\n    at IOSession.Session.getApplicableRefactors (/usr/share/code/resources/app/extensions/node_modules/typescript/lib/tsserver.js:125605:53)\n    at Session.handlers.ts.createMapFromTemplate._a.(anonymous function) (/usr/share/code/resources/app/extensions/node_modules/typescript/lib/tsserver.js:124479:61)\n    at /usr/share/code/resources/app/extensions/node_modules/typescript/lib/tsserver.js:125824:88\n    at IOSession.Session.executeWithRequestId (/usr/share/code/resources/app/extensions/node_modules/typescript/lib/tsserver.js:125815:28)\n    at IOSession.Session.executeCommand (/usr/share/code/resources/app/extensions/node_modules/typescript/lib/tsserver.js:125824:33)\n    at IOSession.Session.onMessage (/usr/share/code/resources/app/extensions/node_modules/typescript/lib/tsserver.js:125846:35)\n    at Interface.<anonymous> (/usr/share/code/resources/app/extensions/node_modules/typescript/lib/tsserver.js:127106:27)\n    at emitOne (events.js:116:13)\n    at Interface.emit (events.js:211:7)\n    at Interface._onLine (readline.js:282:10)\n    at Interface._normalWrite (readline.js:424:12)\n    at Socket.ondata (readline.js:141:10)\n    at emitOne (events.js:116:13)\n    at Socket.emit (events.js:211:7)\n    at addChunk (_stream_readable.js:263:12)\n    at readableAddChunk (_stream_readable.js:250:11)\n    at Socket.Readable.push (_stream_readable.js:208:10)\n    at Pipe.onread (net.js:594:20)"}
[2019-01-16 21:54:37.882] [exthost] [info] ExtensionService#_doActivateExtension vscode.css-language-features {"startup":false,"activationEvent":"onLanguage:css"}
[2019-01-16 21:54:37.882] [exthost] [info] ExtensionService#loadCommonJSModule /usr/share/code/resources/app/extensions/css-language-features/client/dist/cssMain
[2019-01-16 22:06:59.150] [exthost] [info] ExtensionService#_doActivateExtension vscode.html-language-features {"startup":false,"activationEvent":"onLanguage:html"}
[2019-01-16 22:06:59.150] [exthost] [info] ExtensionService#loadCommonJSModule /usr/share/code/resources/app/extensions/html-language-features/client/dist/htmlMain
[2019-01-16 22:20:40.205] [exthost] [error] [vscode.typescript-language-features] provider FAILED
[2019-01-16 22:20:40.205] [exthost] [error] TypeError: Cannot read property 'displayParts' of undefined
	at w.resolveCompletionItem (/usr/share/code/resources/app/extensions/typescript-language-features/dist/extension.js:1:99172)
	at <anonymous>
[2019-01-16 22:25:05.336] [exthost] [error] [vscode.typescript-language-features] provider FAILED
[2019-01-16 22:25:05.336] [exthost] [error] TypeError: Cannot read property 'displayParts' of undefined
	at w.resolveCompletionItem (/usr/share/code/resources/app/extensions/typescript-language-features/dist/extension.js:1:99172)
	at <anonymous>
[2019-01-16 22:25:05.882] [exthost] [error] [vscode.typescript-language-features] provider FAILED
[2019-01-16 22:25:05.883] [exthost] [error] TypeError: Cannot read property 'displayParts' of undefined
	at w.resolveCompletionItem (/usr/share/code/resources/app/extensions/typescript-language-features/dist/extension.js:1:99172)
	at <anonymous>
[2019-01-16 22:28:17.750] [exthost] [error] [vscode.typescript-language-features] provider FAILED
[2019-01-16 22:28:17.751] [exthost] [error] TypeError: Cannot read property 'displayParts' of undefined
	at w.resolveCompletionItem (/usr/share/code/resources/app/extensions/typescript-language-features/dist/extension.js:1:99172)
	at <anonymous>
[2019-01-16 22:28:26.104] [exthost] [error] [vscode.typescript-language-features] provider FAILED
[2019-01-16 22:28:26.104] [exthost] [error] TypeError: Cannot read property 'displayParts' of undefined
	at w.resolveCompletionItem (/usr/share/code/resources/app/extensions/typescript-language-features/dist/extension.js:1:99172)
	at <anonymous>
[2019-01-16 23:03:26.967] [exthost] [error] [vscode.typescript-language-features] provider FAILED
[2019-01-16 23:03:26.967] [exthost] [error] TypeError: Cannot read property 'displayParts' of undefined
	at w.resolveCompletionItem (/usr/share/code/resources/app/extensions/typescript-language-features/dist/extension.js:1:99172)
	at <anonymous>
[2019-01-16 23:03:45.874] [exthost] [error] [vscode.typescript-language-features] provider FAILED
[2019-01-16 23:03:45.874] [exthost] [error] TypeError: Cannot read property 'displayParts' of undefined
	at w.resolveCompletionItem (/usr/share/code/resources/app/extensions/typescript-language-features/dist/extension.js:1:99172)
	at <anonymous>
[2019-01-16 23:03:52.165] [exthost] [error] [vscode.typescript-language-features] provider FAILED
[2019-01-16 23:03:52.165] [exthost] [error] TypeError: Cannot read property 'displayParts' of undefined
	at w.resolveCompletionItem (/usr/share/code/resources/app/extensions/typescript-language-features/dist/extension.js:1:99172)
	at <anonymous>
[2019-01-16 23:03:52.323] [exthost] [error] [vscode.typescript-language-features] provider FAILED
[2019-01-16 23:03:52.323] [exthost] [error] TypeError: Cannot read property 'displayParts' of undefined
	at w.resolveCompletionItem (/usr/share/code/resources/app/extensions/typescript-language-features/dist/extension.js:1:99172)
	at <anonymous>
